
26/6/2025, 9:44:11 pm : Path : /contact-us
26/6/2025, 9:44:15 pm : Path : /
26/6/2025, 9:44:19 pm : Path : /about
26/6/2025, 10:08:55 pm : Path : /search
26/6/2025, 10:09:16 pm : Path : /about
26/6/2025, 10:09:33 pm : Path : /about?name=rishiraj&userid=19

27/6/2025, 9:54:04 am : Path : /
27/6/2025, 9:54:41 am : Path : /
27/6/2025, 9:54:47 am : Path : /about
27/6/2025, 9:54:51 am : Path : /contact-us
27/6/2025, 9:55:06 am : Path : /search
27/6/2025, 9:55:56 am : Path : /search
27/6/2025, 9:56:17 am : Path : /about
27/6/2025, 9:56:23 am : Path : /about?name=rishiraj&userid=19
27/6/2025, 9:56:58 am : Path : /about?name=rishiraj&userid=19
27/6/2025, 9:58:43 am : Path : /about?name=rishiraj&userid=19
27/6/2025, 9:58:56 am : Path : /about?name=rishiraj&userid=19
27/6/2025, 10:00:14 am : Path : /about?name=rishiraj&userid=19
27/6/2025, 10:01:40 am : Path : /about?name=rishiraj&userid=19
27/6/2025, 10:03:15 am : Path : /about?name=rishiraj&userid=19
27/6/2025, 10:03:49 am : Path : /about?name=rishiraj&userid=19
27/6/2025, 10:06:10 am : Path : /about?name=rishiraj&userid=19
27/6/2025, 10:06:16 am : Path : /search?name=rishiraj&userid=19
27/6/2025, 10:06:20 am : Path : /about?name=rishiraj&userid=19
27/6/2025, 10:07:21 am : Path : /about?name=rishiraj&userid=19&search=gwagonpriceinindia
27/6/2025, 10:07:31 am : Path : /about?name=rishiraj&userid=19&search=gwagonpriceinindia
27/6/2025, 10:07:52 am : Path : /about?name=rishiraj&userid=19&search=g+wagon+price+in+india
27/6/2025, 10:07:55 am : Path : /about?name=rishiraj&userid=19&search=g+wagon+price+in+india
27/6/2025, 10:08:08 am : Path : /about?name=rishiraj&userid=19&search=g+-wagon+price+in+india
27/6/2025, 10:08:11 am : Path : /about?name=rishiraj&userid=19&search=g+-wagon+price+in+india
27/6/2025, 10:13:50 am : Path : /about?name=rishiraj&userid=19&search=g+-wagon+price+in+india
27/6/2025, 10:14:36 am : Path : /about?name=rishiraj&userid=19&search=g+-wagon+price+in+india
27/6/2025, 10:14:46 am : Path : /search?name=rishiraj&userid=19&search=g+-wagon+price+in+india
27/6/2025, 10:14:52 am : Path : /sdd?name=rishiraj&userid=19&search=g+-wagon+price+in+india
27/6/2025, 10:14:58 am : Path : /about?name=rishiraj&userid=19&search=g+-wagon+price+in+india

New Request Received : 27/6/2025, 9:08:16 pm : Path : /
New Request Received : 27/6/2025, 9:09:17 pm : Path : /
New Request Received : 27/6/2025, 9:09:25 pm : Path : /about
New Request Received : 27/6/2025, 9:09:29 pm : Path : /about
New Request Received : 27/6/2025, 9:09:38 pm : Path : /contact-us
New Request Received : 27/6/2025, 9:09:44 pm : Path : /
New Request Received : 27/6/2025, 9:10:00 pm : Path : /
New Request Received : 27/6/2025, 9:10:07 pm : Path : /about
New Request Received : 27/6/2025, 9:10:11 pm : Path : /about?name=rishiraj&userid=19
New Request Received : 27/6/2025, 9:10:39 pm : Path : /about?name=rishiraj&userid=19
New Request Received : 27/6/2025, 9:10:52 pm : Path : /about?name=rishiraj&userid=19
New Request Received : 27/6/2025, 9:11:36 pm : Path : /about?name=rishiraj&userid=19
New Request Received : 27/6/2025, 9:12:00 pm : Path : /about?name=rishiraj&userid=19
New Request Received : 27/6/2025, 9:12:20 pm : Path : /about?name=rishiraj&userid=19
New Request Received : 27/6/2025, 9:18:05 pm : Path : /about?name=rishiraj&userid=19&search=g+-wagon+price+in+india
New Request Received : 27/6/2025, 9:19:06 pm : Path : /about?name=rishiraj&userid=19&searchone=g+-wagon+price+in+india&searchtwo=infosys+hiring+criteria
New Request Received : 27/6/2025, 9:21:40 pm : Path : /about?name=rishiraj&userid=19&searchone=g+-wagon+price+in+india&searchtwo=infosys+hiring+criteria
New Request Received : 27/6/2025, 9:21:59 pm : Path : /about?name=rishiraj&userid=19&searchone=g+-wagon+price+in+india&searchtwo=infosys+hiring+criteria
New Request Received : 27/6/2025, 9:22:07 pm : Path : /search?name=rishiraj&userid=19&searchone=g+-wagon+price+in+india&searchtwo=infosys+hiring+criteria
New Request Received : 27/6/2025, 9:22:37 pm : Path : /search?name=rishiraj&userid=19&searchone=g+-wagon+price+in+india&searchtwo=infosys+hiring+criteria
New Request Received : 27/6/2025, 9:22:45 pm : Path : /homepage?name=rishiraj&userid=19&searchone=g+-wagon+price+in+india&searchtwo=infosys+hiring+criteria
New Request Received : 27/6/2025, 9:22:49 pm : Path : /?name=rishiraj&userid=19&searchone=g+-wagon+price+in+india&searchtwo=infosys+hiring+criteria
New Request Received : 27/6/2025, 9:22:58 pm : Path : /contact-us?name=rishiraj&userid=19&searchone=g+-wagon+price+in+india&searchtwo=infosys+hiring+criteria
New Request Received : 27/6/2025, 9:23:04 pm : Path : /search?name=rishiraj&userid=19&searchone=g+-wagon+price+in+india&searchtwo=infosys+hiring+criteria
New Request Received : 27/6/2025, 9:28:02 pm : Path : /search?name=rishiraj&userid=19&searchone=g+-wagon+price+in+india&searchtwo=infosys+hiring+criteria
New Request Received : 27/6/2025, 9:28:17 pm : Path : /search?name=rishiraj&userid=19&searchone=g+-wagon+price+in+india&searchtwo=infosys+hiring+criteria
New Request Received : 27/6/2025, 9:30:47 pm : Path : /search?name=rishiraj&userid=19&search1=g+-wagon+price+in+india&search2=infosys+hiring+criteria&search3=best+car+under+SUV+segment+in+2025+diesel&search4=gta6+release+date
New Request Received : 27/6/2025, 9:32:26 pm : Path : /search?name=rishiraj&userid=19&search1=g+-wagon+price+in+india&search2=infosys+hiring+criteria&search3=best+car+under+SUV+segment+in+2025+diesel&search4=gta6+release+date
New Request Received : 27/6/2025, 9:32:38 pm : Path : /about?name=rishiraj&userid=19&search1=g+-wagon+price+in+india&search2=infosys+hiring+criteria&search3=best+car+under+SUV+segment+in+2025+diesel&search4=gta6+release+date
New Request Received : 27/6/2025, 9:32:42 pm : Path : /search?name=rishiraj&userid=19&search1=g+-wagon+price+in+india&search2=infosys+hiring+criteria&search3=best+car+under+SUV+segment+in+2025+diesel&search4=gta6+release+date
New Request Received : 27/6/2025, 9:33:39 pm : Path : /search?name=rishiraj&userid=19&search1=g+-wagon+price+in+india&search2=infosys+hiring+criteria&search3=best+car+under+SUV+segment+in+2025+diesel&search4=gta6+release+date&search5=latest+south+movie+released
New Request Received : 27/6/2025, 9:35:41 pm : Path : /ddddd?name=rishiraj&userid=19&search1=g+-wagon+price+in+india&search2=infosys+hiring+criteria&search3=best+car+under+SUV+segment+in+2025+diesel&search4=gta6+release+date&search5=latest+south+movie+released
New Request Received : 27/6/2025, 9:35:45 pm : Path : /search?name=rishiraj&userid=19&search1=g+-wagon+price+in+india&search2=infosys+hiring+criteria&search3=best+car+under+SUV+segment+in+2025+diesel&search4=gta6+release+date&search5=latest+south+movie+released
